<!DOCTYPE html PUBLIC "-//W3C//DTD XHTML 1.1//EN" "https://www.w3.org/TR/xhtml11/DTD/xhtml11.dtd">
<html xmlns="https://www.w3.org/1999/xhtml">
<head>
<meta http-equiv="content-type" content="text/html; charset=UTF-8"/>
<title>TestNG Report</title>
<style type="text/css">table {margin-bottom:10px;border-collapse:collapse;empty-cells:show}th,td {border:1px solid #009;padding:.25em .5em}th {vertical-align:bottom}td {vertical-align:top}table a {font-weight:bold}.stripe td {background-color: #E6EBF9}.num {text-align:right}.passedodd td {background-color: #3F3}.passedeven td {background-color: #0A0}.skippedodd td {background-color: #DDD}.skippedeven td {background-color: #CCC}.failedodd td,.attn {background-color: #F33}.failedeven td,.stripe .attn {background-color: #D00}.stacktrace {white-space:pre;font-family:monospace}.totop {font-size:85%;text-align:center;border-bottom:2px solid #000}.invisible {display:none}</style>
</head>
<body>
<table>
<tr><th>Test</th><th># Passed</th><th># Skipped</th><th># Retried</th><th># Failed</th><th>Time (ms)</th><th>Included Groups</th><th>Excluded Groups</th></tr>
<tr><th colspan="8">Guru99-Insurance Project Test Suite</th></tr>
<tr><td><a href="#t0">Login Page</a></td><td class="num">1</td><td class="num">0</td><td class="num">0</td><td class="num">0</td><td class="num">18,239</td><td></td><td></td></tr>
<tr class="stripe"><td><a href="#t1">Profile Page</a></td><td class="num">1</td><td class="num">0</td><td class="num">0</td><td class="num">0</td><td class="num">10,890</td><td></td><td></td></tr>
<tr><td><a href="#t2"> Edit Profile Page</a></td><td class="num">2</td><td class="num">0</td><td class="num">0</td><td class="num attn">3</td><td class="num">81,058</td><td></td><td></td></tr>
<tr class="stripe"><td><a href="#t3">Request Quotation Page</a></td><td class="num">3</td><td class="num">0</td><td class="num">0</td><td class="num attn">2</td><td class="num">49,618</td><td></td><td></td></tr>
<tr><td><a href="#t4">Retrieve Quotation</a></td><td class="num">2</td><td class="num">0</td><td class="num">0</td><td class="num">0</td><td class="num">12,097</td><td></td><td></td></tr>
<tr><th>Total</th><th class="num">9</th><th class="num">0</th><th class="num">0</th><th class="num attn">5</th><th class="num">171,902</th><th colspan="2"></th></tr>
</table>
<table id='summary'><thead><tr><th>Class</th><th>Method</th><th>Start</th><th>Time (ms)</th></tr></thead><tbody><tr><th colspan="4">Guru99-Insurance Project Test Suite</th></tr></tbody><tbody id="t0"><tr><th colspan="4">Login Page &#8212; passed</th></tr><tr class="passedeven"><td rowspan="1">TestCases.LoginPageTest</td><td><a href="#m0">verifyLogin</a></td><td rowspan="1">1736490431708</td><td rowspan="1">3140</td></tr></tbody>
<tbody id="t1"><tr><th colspan="4">Profile Page &#8212; passed</th></tr><tr class="passedeven"><td rowspan="1">TestCases.ProfilePageTest</td><td><a href="#m1">verifyUserCanNavigateToProfile</a></td><td rowspan="1">1736490441866</td><td rowspan="1">4914</td></tr></tbody>
<tbody id="t2"><tr><th colspan="4"> Edit Profile Page &#8212; failed</th></tr><tr class="failedeven"><td rowspan="3">TestCases.EditProfilePageTest</td><td><a href="#m2">verifyAlphabeticalPostCode</a></td><td rowspan="1">1736490515598</td><td rowspan="1">12215</td></tr><tr class="failedeven"><td><a href="#m3">verifyInvalidPhoneNumber</a></td><td rowspan="1">1736490476003</td><td rowspan="1">13873</td></tr><tr class="failedeven"><td><a href="#m4">verifyNumericalCountryField</a></td><td rowspan="1">1736490496631</td><td rowspan="1">14784</td></tr><tr><th colspan="4"> Edit Profile Page &#8212; passed</th></tr><tr class="passedeven"><td rowspan="2">TestCases.EditProfilePageTest</td><td><a href="#m5">verifyNavigationToEditProfile</a></td><td rowspan="1">1736490454614</td><td rowspan="1">4135</td></tr><tr class="passedeven"><td><a href="#m6">verifyProfileUpdate</a></td><td rowspan="1">1736490464907</td><td rowspan="1">5649</td></tr></tbody>
<tbody id="t3"><tr><th colspan="4">Request Quotation Page &#8212; failed</th></tr><tr class="failedeven"><td rowspan="2">TestCases.RequestQuotationTest</td><td><a href="#m7">verifyCalculatePremium</a></td><td rowspan="1">1736490555420</td><td rowspan="1">10236</td></tr><tr class="failedeven"><td><a href="#m8">verifyInvalidAnnualMileage</a></td><td rowspan="1">1736490539225</td><td rowspan="1">10188</td></tr><tr><th colspan="4">Request Quotation Page &#8212; passed</th></tr><tr class="passedeven"><td rowspan="3">TestCases.RequestQuotationTest</td><td><a href="#m9">verifyFormReset</a></td><td rowspan="1">1736490571583</td><td rowspan="1">320</td></tr><tr class="passedeven"><td><a href="#m10">verifyNavigationToRequestQuotation</a></td><td rowspan="1">1736490533351</td><td rowspan="1">113</td></tr><tr class="passedeven"><td><a href="#m11">verifySaveQuotation</a></td><td rowspan="1">1736490577148</td><td rowspan="1">534</td></tr></tbody>
<tbody id="t4"><tr><th colspan="4">Retrieve Quotation &#8212; passed</th></tr><tr class="passedeven"><td rowspan="2">TestCases.RetrieveQuotationTest</td><td><a href="#m12">testNavigateToRetrieveQuotation</a></td><td rowspan="1">1736490583526</td><td rowspan="1">100</td></tr><tr class="passedeven"><td><a href="#m13">testRetrieveSavedQuotation</a></td><td rowspan="1">1736490589184</td><td rowspan="1">640</td></tr></tbody>
</table>
<h2>Login Page</h2><h3 id="m0">TestCases.LoginPageTest#verifyLogin</h3><table class="result"><tr><th class="invisible"/></tr></table><p class="totop"><a href="#summary">back to summary</a></p>
<h2>Profile Page</h2><h3 id="m1">TestCases.ProfilePageTest#verifyUserCanNavigateToProfile</h3><table class="result"><tr><th class="invisible"/></tr></table><p class="totop"><a href="#summary">back to summary</a></p>
<h2> Edit Profile Page</h2><h3 id="m2">TestCases.EditProfilePageTest#verifyAlphabeticalPostCode</h3><table class="result"><tr><th>Exception</th></tr><tr><td><div class="stacktrace">java.lang.AssertionError: Error message for alphabetical postcode not displayed. expected [true] but found [false]
	at TestCases.EditProfilePageTest.verifyAlphabeticalPostCode(EditProfilePageTest.java:71)
	at java.base/java.util.ArrayList.forEach(ArrayList.java:1597)
	at com.intellij.rt.testng.IDEARemoteTestNG.run(IDEARemoteTestNG.java:65)
	at com.intellij.rt.testng.RemoteTestNGStarter.main(RemoteTestNGStarter.java:105)
... Removed 25 stack frames</div></td></tr></table><p class="totop"><a href="#summary">back to summary</a></p>
<h3 id="m3">TestCases.EditProfilePageTest#verifyInvalidPhoneNumber</h3><table class="result"><tr><th>Exception</th></tr><tr><td><div class="stacktrace">java.lang.AssertionError: Error message for invalid phone not displayed. expected [true] but found [false]
	at TestCases.EditProfilePageTest.verifyInvalidPhoneNumber(EditProfilePageTest.java:45)
	at java.base/java.util.ArrayList.forEach(ArrayList.java:1597)
	at com.intellij.rt.testng.IDEARemoteTestNG.run(IDEARemoteTestNG.java:65)
	at com.intellij.rt.testng.RemoteTestNGStarter.main(RemoteTestNGStarter.java:105)
... Removed 25 stack frames</div></td></tr></table><p class="totop"><a href="#summary">back to summary</a></p>
<h3 id="m4">TestCases.EditProfilePageTest#verifyNumericalCountryField</h3><table class="result"><tr><th>Exception</th></tr><tr><td><div class="stacktrace">java.lang.AssertionError: Error message for numerical country not displayed. expected [true] but found [false]
	at TestCases.EditProfilePageTest.verifyNumericalCountryField(EditProfilePageTest.java:58)
	at java.base/java.util.ArrayList.forEach(ArrayList.java:1597)
	at com.intellij.rt.testng.IDEARemoteTestNG.run(IDEARemoteTestNG.java:65)
	at com.intellij.rt.testng.RemoteTestNGStarter.main(RemoteTestNGStarter.java:105)
... Removed 25 stack frames</div></td></tr></table><p class="totop"><a href="#summary">back to summary</a></p>
<h3 id="m5">TestCases.EditProfilePageTest#verifyNavigationToEditProfile</h3><table class="result"><tr><th class="invisible"/></tr></table><p class="totop"><a href="#summary">back to summary</a></p>
<h3 id="m6">TestCases.EditProfilePageTest#verifyProfileUpdate</h3><table class="result"><tr><th class="invisible"/></tr></table><p class="totop"><a href="#summary">back to summary</a></p>
<h2>Request Quotation Page</h2><h3 id="m7">TestCases.RequestQuotationTest#verifyCalculatePremium</h3><table class="result"><tr><th>Exception</th></tr><tr><td><div class="stacktrace">org.openqa.selenium.NoSuchElementException: no such element: Unable to locate element: {&quot;method&quot;:&quot;xpath&quot;,&quot;selector&quot;:&quot;//b[normalize-space()=&apos;Please write it down for later retrieve&apos;]&quot;}
  (Session info: chrome=131.0.6778.265)
For documentation on this error, please visit: https://www.selenium.dev/documentation/webdriver/troubleshooting/errors#no-such-element-exception
Build info: version: &apos;4.25.0&apos;, revision: &apos;8a8aea2337&apos;
System info: os.name: &apos;Windows 11&apos;, os.arch: &apos;amd64&apos;, os.version: &apos;10.0&apos;, java.version: &apos;23.0.1&apos;
Driver info: org.openqa.selenium.chrome.ChromeDriver
Command: [3e6572746ba54117b993174d47acec8b, findElement {using=xpath, value=//b[normalize-space()=&apos;Please write it down for later retrieve&apos;]}]
Capabilities {acceptInsecureCerts: false, browserName: chrome, browserVersion: 131.0.6778.265, chrome: {chromedriverVersion: 131.0.6778.264 (2d05e315153..., userDataDir: C:\Users\mino\AppData\Local...}, fedcm:accounts: true, goog:chromeOptions: {debuggerAddress: localhost:13364}, networkConnectionEnabled: false, pageLoadStrategy: normal, platformName: windows, proxy: Proxy(), se:cdp: ws://localhost:13364/devtoo..., se:cdpVersion: 131.0.6778.265, setWindowRect: true, strictFileInteractability: false, timeouts: {implicit: 0, pageLoad: 300000, script: 30000}, unhandledPromptBehavior: dismiss and notify, webauthn:extension:credBlob: true, webauthn:extension:largeBlob: true, webauthn:extension:minPinLength: true, webauthn:extension:prf: true, webauthn:virtualAuthenticators: true}
Session ID: 3e6572746ba54117b993174d47acec8b
	at org.openqa.selenium.remote.ErrorCodec.decode(ErrorCodec.java:167)
	at org.openqa.selenium.remote.codec.w3c.W3CHttpResponseCodec.decode(W3CHttpResponseCodec.java:138)
	at org.openqa.selenium.remote.codec.w3c.W3CHttpResponseCodec.decode(W3CHttpResponseCodec.java:50)
	at org.openqa.selenium.remote.HttpCommandExecutor.execute(HttpCommandExecutor.java:190)
	at org.openqa.selenium.remote.service.DriverCommandExecutor.invokeExecute(DriverCommandExecutor.java:216)
	at org.openqa.selenium.remote.service.DriverCommandExecutor.execute(DriverCommandExecutor.java:174)
	at org.openqa.selenium.remote.RemoteWebDriver.execute(RemoteWebDriver.java:545)
	at org.openqa.selenium.remote.ElementLocation$ElementFinder$2.findElement(ElementLocation.java:165)
	at org.openqa.selenium.remote.ElementLocation.findElement(ElementLocation.java:59)
	at org.openqa.selenium.remote.RemoteWebDriver.findElement(RemoteWebDriver.java:368)
	at org.openqa.selenium.remote.RemoteWebDriver.findElement(RemoteWebDriver.java:362)
	at PageObjects.RequestQuotationPage.isIdDisplayed(RequestQuotationPage.java:55)
	at TestCases.RequestQuotationTest.verifyCalculatePremium(RequestQuotationTest.java:44)
	at java.base/java.util.ArrayList.forEach(ArrayList.java:1597)
	at com.intellij.rt.testng.IDEARemoteTestNG.run(IDEARemoteTestNG.java:65)
	at com.intellij.rt.testng.RemoteTestNGStarter.main(RemoteTestNGStarter.java:105)
... Removed 25 stack frames</div></td></tr></table><p class="totop"><a href="#summary">back to summary</a></p>
<h3 id="m8">TestCases.RequestQuotationTest#verifyInvalidAnnualMileage</h3><table class="result"><tr><th>Exception</th></tr><tr><td><div class="stacktrace">org.openqa.selenium.NoSuchElementException: no such element: Unable to locate element: {&quot;method&quot;:&quot;xpath&quot;,&quot;selector&quot;:&quot;//*[contains(text(),&apos;Invalid Format&apos;)]&quot;}
  (Session info: chrome=131.0.6778.265)
For documentation on this error, please visit: https://www.selenium.dev/documentation/webdriver/troubleshooting/errors#no-such-element-exception
Build info: version: &apos;4.25.0&apos;, revision: &apos;8a8aea2337&apos;
System info: os.name: &apos;Windows 11&apos;, os.arch: &apos;amd64&apos;, os.version: &apos;10.0&apos;, java.version: &apos;23.0.1&apos;
Driver info: org.openqa.selenium.chrome.ChromeDriver
Command: [2a1141958b649fcb6cda02d47246d4e4, findElement {using=xpath, value=//*[contains(text(),&apos;Invalid Format&apos;)]}]
Capabilities {acceptInsecureCerts: false, browserName: chrome, browserVersion: 131.0.6778.265, chrome: {chromedriverVersion: 131.0.6778.264 (2d05e315153..., userDataDir: C:\Users\mino\AppData\Local...}, fedcm:accounts: true, goog:chromeOptions: {debuggerAddress: localhost:13327}, networkConnectionEnabled: false, pageLoadStrategy: normal, platformName: windows, proxy: Proxy(), se:cdp: ws://localhost:13327/devtoo..., se:cdpVersion: 131.0.6778.265, setWindowRect: true, strictFileInteractability: false, timeouts: {implicit: 0, pageLoad: 300000, script: 30000}, unhandledPromptBehavior: dismiss and notify, webauthn:extension:credBlob: true, webauthn:extension:largeBlob: true, webauthn:extension:minPinLength: true, webauthn:extension:prf: true, webauthn:virtualAuthenticators: true}
Session ID: 2a1141958b649fcb6cda02d47246d4e4
	at org.openqa.selenium.remote.ErrorCodec.decode(ErrorCodec.java:167)
	at org.openqa.selenium.remote.codec.w3c.W3CHttpResponseCodec.decode(W3CHttpResponseCodec.java:138)
	at org.openqa.selenium.remote.codec.w3c.W3CHttpResponseCodec.decode(W3CHttpResponseCodec.java:50)
	at org.openqa.selenium.remote.HttpCommandExecutor.execute(HttpCommandExecutor.java:190)
	at org.openqa.selenium.remote.service.DriverCommandExecutor.invokeExecute(DriverCommandExecutor.java:216)
	at org.openqa.selenium.remote.service.DriverCommandExecutor.execute(DriverCommandExecutor.java:174)
	at org.openqa.selenium.remote.RemoteWebDriver.execute(RemoteWebDriver.java:545)
	at org.openqa.selenium.remote.ElementLocation$ElementFinder$2.findElement(ElementLocation.java:165)
	at org.openqa.selenium.remote.ElementLocation.findElement(ElementLocation.java:59)
	at org.openqa.selenium.remote.RemoteWebDriver.findElement(RemoteWebDriver.java:368)
	at org.openqa.selenium.remote.RemoteWebDriver.findElement(RemoteWebDriver.java:362)
	at PageObjects.RequestQuotationPage.isErrorMessageDisplayed(RequestQuotationPage.java:39)
	at TestCases.RequestQuotationTest.verifyInvalidAnnualMileage(RequestQuotationTest.java:36)
	at java.base/java.util.ArrayList.forEach(ArrayList.java:1597)
	at com.intellij.rt.testng.IDEARemoteTestNG.run(IDEARemoteTestNG.java:65)
	at com.intellij.rt.testng.RemoteTestNGStarter.main(RemoteTestNGStarter.java:105)
... Removed 25 stack frames</div></td></tr></table><p class="totop"><a href="#summary">back to summary</a></p>
<h3 id="m9">TestCases.RequestQuotationTest#verifyFormReset</h3><table class="result"><tr><th class="invisible"/></tr></table><p class="totop"><a href="#summary">back to summary</a></p>
<h3 id="m10">TestCases.RequestQuotationTest#verifyNavigationToRequestQuotation</h3><table class="result"><tr><th class="invisible"/></tr></table><p class="totop"><a href="#summary">back to summary</a></p>
<h3 id="m11">TestCases.RequestQuotationTest#verifySaveQuotation</h3><table class="result"><tr><th class="invisible"/></tr></table><p class="totop"><a href="#summary">back to summary</a></p>
<h2>Retrieve Quotation</h2><h3 id="m12">TestCases.RetrieveQuotationTest#testNavigateToRetrieveQuotation</h3><table class="result"><tr><th class="invisible"/></tr></table><p class="totop"><a href="#summary">back to summary</a></p>
<h3 id="m13">TestCases.RetrieveQuotationTest#testRetrieveSavedQuotation</h3><table class="result"><tr><th class="invisible"/></tr></table><p class="totop"><a href="#summary">back to summary</a></p>
</body>
</html>
